This is pdfTeX, Version 3.14159265-2.6-1.40.15 (TeX Live 2014) (preloaded format=pdflatex 2015.5.23)  29 AUG 2017 16:52
entering extended mode
 restricted \write18 enabled.
 file:line:error style messages enabled.
 %&-line parsing enabled.
**"The Generation of Waves in Gravitational Fields by Orbiting Charges.tex"
(./The Generation of Waves in Gravitational Fields by Orbiting Charges.tex
LaTeX2e <2014/05/01>
Babel <3.9k> and hyphenation patterns for 78 languages loaded.
(/usr/local/texlive/2014/texmf-dist/tex/latex/base/article.cls
Document Class: article 2007/10/19 v1.4h Standard LaTeX document class
(/usr/local/texlive/2014/texmf-dist/tex/latex/base/size11.clo
File: size11.clo 2007/10/19 v1.4h Standard LaTeX file (size option)
)
\c@part=\count79
\c@section=\count80
\c@subsection=\count81
\c@subsubsection=\count82
\c@paragraph=\count83
\c@subparagraph=\count84
\c@figure=\count85
\c@table=\count86
\abovecaptionskip=\skip41
\belowcaptionskip=\skip42
\bibindent=\dimen102
) (/usr/local/texlive/2014/texmf-dist/tex/latex/amsmath/amsmath.sty
Package: amsmath 2013/01/14 v2.14 AMS math features
\@mathmargin=\skip43

For additional information on amsmath, use the `?' option.
(/usr/local/texlive/2014/texmf-dist/tex/latex/amsmath/amstext.sty
Package: amstext 2000/06/29 v2.01
 (/usr/local/texlive/2014/texmf-dist/tex/latex/amsmath/amsgen.sty
File: amsgen.sty 1999/11/30 v2.0
\@emptytoks=\toks14
\ex@=\dimen103
)) (/usr/local/texlive/2014/texmf-dist/tex/latex/amsmath/amsbsy.sty
Package: amsbsy 1999/11/29 v1.2d
\pmbraise@=\dimen104
) (/usr/local/texlive/2014/texmf-dist/tex/latex/amsmath/amsopn.sty
Package: amsopn 1999/12/14 v2.01 operator names
)
\inf@bad=\count87
LaTeX Info: Redefining \frac on input line 210.
\uproot@=\count88
\leftroot@=\count89
LaTeX Info: Redefining \overline on input line 306.
\classnum@=\count90
\DOTSCASE@=\count91
LaTeX Info: Redefining \ldots on input line 378.
LaTeX Info: Redefining \dots on input line 381.
LaTeX Info: Redefining \cdots on input line 466.
\Mathstrutbox@=\box26
\strutbox@=\box27
\big@size=\dimen105
LaTeX Font Info:    Redeclaring font encoding OML on input line 566.
LaTeX Font Info:    Redeclaring font encoding OMS on input line 567.
\macc@depth=\count92
\c@MaxMatrixCols=\count93
\dotsspace@=\muskip10
\c@parentequation=\count94
\dspbrk@lvl=\count95
\tag@help=\toks15
\row@=\count96
\column@=\count97
\maxfields@=\count98
\andhelp@=\toks16
\eqnshift@=\dimen106
\alignsep@=\dimen107
\tagshift@=\dimen108
\tagwidth@=\dimen109
\totwidth@=\dimen110
\lineht@=\dimen111
\@envbody=\toks17
\multlinegap=\skip44
\multlinetaggap=\skip45
\mathdisplay@stack=\toks18
LaTeX Info: Redefining \[ on input line 2665.
LaTeX Info: Redefining \] on input line 2666.
) (/usr/local/texlive/2014/texmf-dist/tex/latex/amsfonts/amssymb.sty
Package: amssymb 2013/01/14 v3.01 AMS font symbols
 (/usr/local/texlive/2014/texmf-dist/tex/latex/amsfonts/amsfonts.sty
Package: amsfonts 2013/01/14 v3.01 Basic AMSFonts support
\symAMSa=\mathgroup4
\symAMSb=\mathgroup5
LaTeX Font Info:    Overwriting math alphabet `\mathfrak' in version `bold'
(Font)                  U/euf/m/n --> U/euf/b/n on input line 106.
)) (/Users/mo/Desktop/CGG/constructive_gravity_rep/gravitational_wave_generation/.texpadtmp/The Generation of Waves in Gravitational Fields by Orbiting Charges.aux)
\openout1 = `"The Generation of Waves in Gravitational Fields by Orbiting Charges.aux"'.

LaTeX Font Info:    Checking defaults for OML/cmm/m/it on input line 6.
LaTeX Font Info:    ... okay on input line 6.
LaTeX Font Info:    Checking defaults for T1/cmr/m/n on input line 6.
LaTeX Font Info:    ... okay on input line 6.
LaTeX Font Info:    Checking defaults for OT1/cmr/m/n on input line 6.
LaTeX Font Info:    ... okay on input line 6.
LaTeX Font Info:    Checking defaults for OMS/cmsy/m/n on input line 6.
LaTeX Font Info:    ... okay on input line 6.
LaTeX Font Info:    Checking defaults for OMX/cmex/m/n on input line 6.
LaTeX Font Info:    ... okay on input line 6.
LaTeX Font Info:    Checking defaults for U/cmr/m/n on input line 6.
LaTeX Font Info:    ... okay on input line 6.
LaTeX Font Info:    Try loading font information for U+msa on input line 14.
 (/usr/local/texlive/2014/texmf-dist/tex/latex/amsfonts/umsa.fd
File: umsa.fd 2013/01/14 v3.01 AMS symbols A
)
LaTeX Font Info:    Try loading font information for U+msb on input line 14.
 (/usr/local/texlive/2014/texmf-dist/tex/latex/amsfonts/umsb.fd
File: umsb.fd 2013/01/14 v3.01 AMS symbols B
) [1

{/usr/local/texlive/2014/texmf-var/fonts/map/pdftex/updmap/pdftex.map}] [2] [3] [4] [5] [6]
Overfull \hbox (7.0713pt too wide) in paragraph at lines 330--331
[]\OT1/cmr/m/n/10.95 Using the Hamil-to-nian field equa-tions $[] = \OML/cmm/m/it/10.95 ^^NH=^^N\OT1/cmr/m/n/10.95 ^^E[]$ and $[] = \OMS/cmsy/m/n/10.95 ^^@\OML/cmm/m/it/10.95 ^^NH=^^NA[]$\OT1/cmr/m/n/10.95 ,
 []

[7] [8] [9] [10] [11] [12]
Missing character: There is no Ã in font cmr10!
Missing character: There is no   in font cmr10!
 [13] [14] [15] [16] [17]
./The Generation of Waves in Gravitational Fields by Orbiting Charges.tex:1091: Extra }, or forgotten \right.
<template> }
            $}\ifmeasuring@ \savefieldlength@ \fi \set@field \endtemplate 
l.1091 \end{align}
                  
I've deleted a group-closing symbol because it seems to be
spurious, as in `$x}$'. But perhaps the } is legitimate and
you forgot something else, as in `\hbox{$x}'. In such cases
the way to recover is to insert both the forgotten and the
deleted material, e.g., by typing `I$}'.

./The Generation of Waves in Gravitational Fields by Orbiting Charges.tex:1091: Missing \right. inserted.
<inserted text> 
                \right .
l.1091 \end{align}
                  
I've inserted something that you may have forgotten.
(See the <inserted text> above.)
With luck, this will get me unwedged. But if you
really didn't forget anything, try typing `2' now; then
my insertion and my current dilemma will both disappear.

./The Generation of Waves in Gravitational Fields by Orbiting Charges.tex:1091: Missing } inserted.
<inserted text> 
                }
l.1091 \end{align}
                  
I've inserted something that you may have forgotten.
(See the <inserted text> above.)
With luck, this will get me unwedged. But if you
really didn't forget anything, try typing `2' now; then
my insertion and my current dilemma will both disappear.

./The Generation of Waves in Gravitational Fields by Orbiting Charges.tex:1091: Missing } inserted.
<inserted text> 
                }
l.1091 \end{align}
                  
I've inserted something that you may have forgotten.
(See the <inserted text> above.)
With luck, this will get me unwedged. But if you
really didn't forget anything, try typing `2' now; then
my insertion and my current dilemma will both disappear.

./The Generation of Waves in Gravitational Fields by Orbiting Charges.tex:1091: Extra \right.
<argument> ..._2)\right ) s_28 + 12 s_8^2 \right )
                                                   \Box \tilde {U}\\ + 18 \l...
l.1091 \end{align}
                  
I'm ignoring a \right that had no matching \left.

./The Generation of Waves in Gravitational Fields by Orbiting Charges.tex:1091: Missing { inserted.
<inserted text> 
                {
l.1091 \end{align}
                  
I've put in what seems to be necessary to fix
the current column of the current alignment.
Try to go on, since this might almost work.

./The Generation of Waves in Gravitational Fields by Orbiting Charges.tex:1091: Extra }, or forgotten \right.
<template> }
            $}\ifmeasuring@ \savefieldlength@ \fi \set@field \endtemplate 
l.1091 \end{align}
                  
I've deleted a group-closing symbol because it seems to be
spurious, as in `$x}$'. But perhaps the } is legitimate and
you forgot something else, as in `\hbox{$x}'. In such cases
the way to recover is to insert both the forgotten and the
deleted material, e.g., by typing `I$}'.

./The Generation of Waves in Gravitational Fields by Orbiting Charges.tex:1091: Missing \right. inserted.
<inserted text> 
                \right .
l.1091 \end{align}
                  
I've inserted something that you may have forgotten.
(See the <inserted text> above.)
With luck, this will get me unwedged. But if you
really didn't forget anything, try typing `2' now; then
my insertion and my current dilemma will both disappear.

./The Generation of Waves in Gravitational Fields by Orbiting Charges.tex:1091: Missing } inserted.
<inserted text> 
                }
l.1091 \end{align}
                  
I've inserted something that you may have forgotten.
(See the <inserted text> above.)
With luck, this will get me unwedged. But if you
really didn't forget anything, try typing `2' now; then
my insertion and my current dilemma will both disappear.

./The Generation of Waves in Gravitational Fields by Orbiting Charges.tex:1091: Missing } inserted.
<inserted text> 
                }
l.1091 \end{align}
                  
I've inserted something that you may have forgotten.
(See the <inserted text> above.)
With luck, this will get me unwedged. But if you
really didn't forget anything, try typing `2' now; then
my insertion and my current dilemma will both disappear.

./The Generation of Waves in Gravitational Fields by Orbiting Charges.tex:1091: Extra \right.
<argument> ..._2)\right ) s_28 + 12 s_8^2 \right )
                                                   \Box \tilde {U}\\ + 18 \l...
l.1091 \end{align}
                  
I'm ignoring a \right that had no matching \left.

./The Generation of Waves in Gravitational Fields by Orbiting Charges.tex:1091: Missing \endgroup inserted.
<inserted text> 
                \endgroup 
l.1091 \end{align}
                  
I've inserted something that you may have forgotten.
(See the <inserted text> above.)
With luck, this will get me unwedged. But if you
really didn't forget anything, try typing `2' now; then
my insertion and my current dilemma will both disappear.

Runaway argument?
\omit\@nil \omit \kern -\alignsep@ \iftag@ \setboxz@h {\@lign \strut@ \ETC.
./The Generation of Waves in Gravitational Fields by Orbiting Charges.tex:1092: Paragraph ended before \@tempb was complete.
<to be read again> 
                   \par 
l.1092 
       
I suspect you've forgotten a `}', causing me to apply this
control sequence to too much text. How can we recover?
My plan is to forget the whole thing and hope for the best.

./The Generation of Waves in Gravitational Fields by Orbiting Charges.tex:1092: Missing $ inserted.
<inserted text> 
                $
l.1092 
       
I've inserted a begin-math/end-math symbol since I think
you left one out. Proceed, with fingers crossed.

./The Generation of Waves in Gravitational Fields by Orbiting Charges.tex:1092: Missing } inserted.
<inserted text> 
                }
l.1092 
       
I've inserted something that you may have forgotten.
(See the <inserted text> above.)
With luck, this will get me unwedged. But if you
really didn't forget anything, try typing `2' now; then
my insertion and my current dilemma will both disappear.

./The Generation of Waves in Gravitational Fields by Orbiting Charges.tex:1092: Missing } inserted.
<inserted text> 
                }
l.1092 
       
I've inserted something that you may have forgotten.
(See the <inserted text> above.)
With luck, this will get me unwedged. But if you
really didn't forget anything, try typing `2' now; then
my insertion and my current dilemma will both disappear.

./The Generation of Waves in Gravitational Fields by Orbiting Charges.tex:1092: Missing \cr inserted.
<inserted text> 
                \cr 
l.1092 
       
I'm guessing that you meant to end an alignment here.

./The Generation of Waves in Gravitational Fields by Orbiting Charges.tex:1092: Missing { inserted.
<inserted text> 
                {
l.1092 
       
I've put in what seems to be necessary to fix
the current column of the current alignment.
Try to go on, since this might almost work.

./The Generation of Waves in Gravitational Fields by Orbiting Charges.tex:1092: Missing { inserted.
<inserted text> 
                {
l.1092 
       
I've put in what seems to be necessary to fix
the current column of the current alignment.
Try to go on, since this might almost work.

./The Generation of Waves in Gravitational Fields by Orbiting Charges.tex:1092: Extra }, or forgotten $.
<recently read> }
                 
l.1092 
       
I've deleted a group-closing symbol because it seems to be
spurious, as in `$x}$'. But perhaps the } is legitimate and
you forgot something else, as in `\hbox{$x}'. In such cases
the way to recover is to insert both the forgotten and the
deleted material, e.g., by typing `I$}'.

./The Generation of Waves in Gravitational Fields by Orbiting Charges.tex:1092: Missing $ inserted.
<inserted text> 
                $
l.1092 
       
I've inserted a begin-math/end-math symbol since I think
you left one out. Proceed, with fingers crossed.

./The Generation of Waves in Gravitational Fields by Orbiting Charges.tex:1092: Missing } inserted.
<inserted text> 
                }
l.1092 
       
I've inserted something that you may have forgotten.
(See the <inserted text> above.)
With luck, this will get me unwedged. But if you
really didn't forget anything, try typing `2' now; then
my insertion and my current dilemma will both disappear.

./The Generation of Waves in Gravitational Fields by Orbiting Charges.tex:1092: Missing $$ inserted.
<to be read again> 
                   \par 
l.1092 
       
Displays can use special alignments (like \eqalignno)
only if nothing but the alignment itself is between $$'s.

LaTeX Font Info:    Try loading font information for OMS+cmr on input line 1096.
(/usr/local/texlive/2014/texmf-dist/tex/latex/base/omscmr.fd
File: omscmr.fd 1999/05/25 v2.5h Standard LaTeX font definitions
)
LaTeX Font Info:    Font shape `OMS/cmr/m/n' in size <10.95> not available
(Font)              Font shape `OMS/cmsy/m/n' tried instead on input line 1096.


./The Generation of Waves in Gravitational Fields by Orbiting Charges.tex:1106: LaTeX Error: \begin{align} on input line 960 ended by \end{document}.

See the LaTeX manual or LaTeX Companion for explanation.
Type  H <return>  for immediate help.
 ...                                              
                                                  
l.1106 \end{document}
                     
Your command was ignored.
Type  I <command> <return>  to replace it with another command,
or  <return>  to continue without it.

[18] (/Users/mo/Desktop/CGG/constructive_gravity_rep/gravitational_wave_generation/.texpadtmp/The Generation of Waves in Gravitational Fields by Orbiting Charges.aux) )
(\end occurred inside a group at level 1)

### semi simple group (level 1) entered at line 960 (\begingroup)
### bottom level 
Here is how much of TeX's memory you used:
 1160 strings out of 493117
 14259 string characters out of 6135433
 74522 words of memory out of 5000000
 4661 multiletter control sequences out of 15000+600000
 9498 words of font info for 36 fonts, out of 8000000 for 9000
 1141 hyphenation exceptions out of 8191
 27i,22n,26p,752b,226s stack positions out of 5000i,500n,10000p,200000b,80000s
</usr/local/texlive/2014/texmf-dist/fonts/type1/public/amsfonts/cm/cmbx12.pfb></usr/local/texlive/2014/texmf-dist/fonts/type1/public/amsfonts/cm/cmex10.pfb></usr/local/texlive/2014/texmf-dist/fonts/type1/public/amsfonts/cm/cmmi10.pfb></usr/local/texlive/2014/texmf-dist/fonts/type1/public/amsfonts/cm/cmmi6.pfb></usr/local/texlive/2014/texmf-dist/fonts/type1/public/amsfonts/cm/cmmi8.pfb></usr/local/texlive/2014/texmf-dist/fonts/type1/public/amsfonts/cm/cmr10.pfb></usr/local/texlive/2014/texmf-dist/fonts/type1/public/amsfonts/cm/cmr6.pfb></usr/local/texlive/2014/texmf-dist/fonts/type1/public/amsfonts/cm/cmr8.pfb></usr/local/texlive/2014/texmf-dist/fonts/type1/public/amsfonts/cm/cmsy10.pfb></usr/local/texlive/2014/texmf-dist/fonts/type1/public/amsfonts/cm/cmsy8.pfb></usr/local/texlive/2014/texmf-dist/fonts/type1/public/amsfonts/symbols/msam10.pfb>
Output written on "/Users/mo/Desktop/CGG/constructive_gravity_rep/gravitational_wave_generation/.texpadtmp/The Generation of Waves in Gravitational Fields by Orbiting Charges.pdf" (18 pages, 179813 bytes).
PDF statistics:
 106 PDF objects out of 1000 (max. 8388607)
 74 compressed objects within 1 object stream
 0 named destinations out of 1000 (max. 500000)
 1 words of extra memory for PDF output out of 10000 (max. 10000000)

